<?xml version="1.0" encoding="UTF-8"?>
<!-- Generated by org.testng.reporters.JUnitXMLReporter -->
<testsuite hostname="admin-PC" ignored="0" name="Test" tests="3" failures="3" timestamp="21 Apr 2020 06:28:43 GMT" time="0.498" errors="0">
  <testcase name="runTestOnDocker" time="0.38" classname="DropDown.TestDdAscOrder">
    <failure type="java.lang.IllegalStateException" message="The driver executable does not exist: D:\MyWorkSpace\Assignment\.\src\Flow\geckodriver.exe">
      <![CDATA[java.lang.IllegalStateException: The driver executable does not exist: D:\MyWorkSpace\Assignment\.\src\Flow\geckodriver.exe
at com.google.common.base.Preconditions.checkState(Preconditions.java:585)
at org.openqa.selenium.remote.service.DriverService.checkExecutable(DriverService.java:137)
at org.openqa.selenium.remote.service.DriverService.findExecutable(DriverService.java:132)
at org.openqa.selenium.firefox.GeckoDriverService.access$100(GeckoDriverService.java:44)
at org.openqa.selenium.firefox.GeckoDriverService$Builder.findDefaultExecutable(GeckoDriverService.java:167)
at org.openqa.selenium.remote.service.DriverService$Builder.build(DriverService.java:346)
at org.openqa.selenium.firefox.FirefoxDriver.toExecutor(FirefoxDriver.java:190)
at org.openqa.selenium.firefox.FirefoxDriver.<init>(FirefoxDriver.java:147)
at org.openqa.selenium.firefox.FirefoxDriver.<init>(FirefoxDriver.java:125)
at DropDown.TestDdAscOrder.runTestOnDocker(TestDdAscOrder.java:18)
... Removed 25 stack frames]]>
    </failure>
  </testcase> <!-- runTestOnDocker -->
  <testcase name="allOptions" time="0.012" classname="DropDown.TestDdAllOptions">
    <failure type="java.lang.IllegalStateException" message="The driver executable does not exist: D:\MyWorkSpace\Assignment\.\src\Flow\geckodriver.exe">
      <![CDATA[java.lang.IllegalStateException: The driver executable does not exist: D:\MyWorkSpace\Assignment\.\src\Flow\geckodriver.exe
at com.google.common.base.Preconditions.checkState(Preconditions.java:585)
at org.openqa.selenium.remote.service.DriverService.checkExecutable(DriverService.java:137)
at org.openqa.selenium.remote.service.DriverService.findExecutable(DriverService.java:132)
at org.openqa.selenium.firefox.GeckoDriverService.access$100(GeckoDriverService.java:44)
at org.openqa.selenium.firefox.GeckoDriverService$Builder.findDefaultExecutable(GeckoDriverService.java:167)
at org.openqa.selenium.remote.service.DriverService$Builder.build(DriverService.java:346)
at org.openqa.selenium.firefox.FirefoxDriver.toExecutor(FirefoxDriver.java:190)
at org.openqa.selenium.firefox.FirefoxDriver.<init>(FirefoxDriver.java:147)
at org.openqa.selenium.firefox.FirefoxDriver.<init>(FirefoxDriver.java:125)
at DropDown.TestDdAllOptions.allOptions(TestDdAllOptions.java:17)
... Removed 25 stack frames]]>
    </failure>
  </testcase> <!-- allOptions -->
  <testcase name="dropDown" time="0.011" classname="DropDown.TestDdDuplicates">
    <failure type="java.lang.IllegalStateException" message="The driver executable does not exist: D:\MyWorkSpace\Assignment\.\src\Flow\geckodriver.exe">
      <![CDATA[java.lang.IllegalStateException: The driver executable does not exist: D:\MyWorkSpace\Assignment\.\src\Flow\geckodriver.exe
at com.google.common.base.Preconditions.checkState(Preconditions.java:585)
at org.openqa.selenium.remote.service.DriverService.checkExecutable(DriverService.java:137)
at org.openqa.selenium.remote.service.DriverService.findExecutable(DriverService.java:132)
at org.openqa.selenium.firefox.GeckoDriverService.access$100(GeckoDriverService.java:44)
at org.openqa.selenium.firefox.GeckoDriverService$Builder.findDefaultExecutable(GeckoDriverService.java:167)
at org.openqa.selenium.remote.service.DriverService$Builder.build(DriverService.java:346)
at org.openqa.selenium.firefox.FirefoxDriver.toExecutor(FirefoxDriver.java:190)
at org.openqa.selenium.firefox.FirefoxDriver.<init>(FirefoxDriver.java:147)
at org.openqa.selenium.firefox.FirefoxDriver.<init>(FirefoxDriver.java:125)
at DropDown.TestDdDuplicates.dropDown(TestDdDuplicates.java:18)
... Removed 25 stack frames]]>
    </failure>
  </testcase> <!-- dropDown -->
</testsuite> <!-- Test -->
